Arguments: 
  C:\Program Files\nodejs\node.exe C:\Users\Adi\AppData\Roaming\npm\node_modules\yarn\bin\yarn.js add cors dotenv express mysql2 sequlize

PATH: 
  C:\Windows\system32;C:\Windows;C:\Windows\System32\Wbem;C:\Windows\System32\WindowsPowerShell\v1.0\;C:\Windows\System32\OpenSSH\;C:\Program Files\Git\cmd;C:\Users\Adi\AppData\Roaming\nvm;C:\Program Files\nodejs;C:\Program Files\nodejs\;C:\Program Files\MySQL\MySQL Shell 8.0\bin\;C:\Users\Adi\AppData\Local\Microsoft\WindowsApps;D:\Application\Microsoft VS Code\bin;C:\Users\Adi\AppData\Roaming\nvm;C:\Program Files\nodejs;C:\Users\Adi\AppData\Roaming\npm

Yarn version: 
  1.19.1

Node version: 
  13.1.0

Platform: 
  win32 x64

Trace: 
  Error: https://registry.yarnpkg.com/sequlize: Not found
      at Request.params.callback [as _callback] (C:\Users\Adi\AppData\Roaming\npm\node_modules\yarn\lib\cli.js:66926:18)
      at Request.self.callback (C:\Users\Adi\AppData\Roaming\npm\node_modules\yarn\lib\cli.js:140564:22)
      at Request.emit (events.js:210:5)
      at Request.<anonymous> (C:\Users\Adi\AppData\Roaming\npm\node_modules\yarn\lib\cli.js:141536:10)
      at Request.emit (events.js:210:5)
      at IncomingMessage.<anonymous> (C:\Users\Adi\AppData\Roaming\npm\node_modules\yarn\lib\cli.js:141458:12)
      at Object.onceWrapper (events.js:299:28)
      at IncomingMessage.emit (events.js:215:7)
      at endReadableNT (_stream_readable.js:1199:12)
      at processTicksAndRejections (internal/process/task_queues.js:80:21)

npm manifest: 
  {
    "name": "learn-express-sequelize",
    "version": "1.0.0",
    "main": "index.js",
    "license": "MIT"
  }

yarn manifest: 
  No manifest

Lockfile: 
  No lockfile
